<?xml version="1.0" encoding="UTF-8"?>
<!-- Generated by org.testng.reporters.JUnitReportReporter -->
<testsuite hostname="EPRURYAW0064" name="com.epam.anna_apushkina.test.figure_tests.RectangleTest" tests="3" failures="0" timestamp="23 Nov 2015 12:00:54 GMT" time="0.006" errors="0">
  <testcase name="perimeterTest" time="0.000" classname="com.epam.anna_apushkina.test.figure_tests.RectangleTest"/>
  <testcase name="isQuadrateTest" time="0.005" classname="com.epam.anna_apushkina.test.figure_tests.RectangleTest"/>
  <testcase name="squareTest" time="0.001" classname="com.epam.anna_apushkina.test.figure_tests.RectangleTest"/>
</testsuite> <!-- com.epam.anna_apushkina.test.figure_tests.RectangleTest -->
