<?xml version="1.0" encoding="UTF-8"?>
<!-- Generated by org.testng.reporters.JUnitReportReporter -->
<testsuite hostname="EPRURYAW0064" name="geometricObjects.CircleTest" tests="2" failures="0" timestamp="23 Nov 2015 12:18:12 GMT" time="0.005" errors="0">
  <testcase name="circumferenceTest" time="0.005" classname="geometricObjects.CircleTest"/>
  <testcase name="squareTest" time="0.000" classname="geometricObjects.CircleTest"/>
</testsuite> <!-- geometricObjects.CircleTest -->
