<?xml version="1.0" encoding="UTF-8"?>
<!-- Generated by org.testng.reporters.JUnitReportReporter -->
<testsuite hostname="EPRURYAW0064" name="geometricObjects.concreteTests.QuadrateTest" tests="2" failures="0" timestamp="24 Nov 2015 06:50:29 GMT" time="0.002" errors="0">
  <testcase name="perimeterTest" time="0.001" classname="geometricObjects.concreteTests.QuadrateTest"/>
  <testcase name="squareTest" time="0.001" classname="geometricObjects.concreteTests.QuadrateTest"/>
</testsuite> <!-- geometricObjects.concreteTests.QuadrateTest -->
