<?xml version="1.0" encoding="UTF-8"?>
<!-- Generated by org.testng.reporters.JUnitReportReporter -->
<testsuite hostname="EPRURYAW0064" name="geometricObjects.concreteTests.RectangleTest" tests="3" failures="0" timestamp="24 Nov 2015 06:50:29 GMT" time="0.000" errors="0">
  <testcase name="perimeterTest" time="0.000" classname="geometricObjects.concreteTests.RectangleTest"/>
  <testcase name="squareTest" time="0.000" classname="geometricObjects.concreteTests.RectangleTest"/>
  <testcase name="isQuadrateTest" time="0.000" classname="geometricObjects.concreteTests.RectangleTest"/>
</testsuite> <!-- geometricObjects.concreteTests.RectangleTest -->
