<?xml version="1.0" encoding="UTF-8"?>
<!-- Generated by org.testng.reporters.JUnitReportReporter -->
<testsuite hostname="EPRURYAW0064" name="geometricObjects.QuadrateTest" tests="2" failures="0" timestamp="23 Nov 2015 12:18:12 GMT" time="0.001" errors="0">
  <testcase name="squareTest" time="0.001" classname="geometricObjects.QuadrateTest"/>
  <testcase name="perimeterTest" time="0.000" classname="geometricObjects.QuadrateTest"/>
</testsuite> <!-- geometricObjects.QuadrateTest -->
