<?xml version="1.0" encoding="UTF-8"?>
<!-- Generated by org.testng.reporters.JUnitReportReporter -->
<testsuite hostname="EPRURYAW0064" name="com.epam.anna_apushkina.test.figure_tests.QuadrateTest" tests="2" failures="0" timestamp="23 Nov 2015 11:39:35 GMT" time="0.011" errors="0">
  <testcase name="perimeterTest" time="0.008" classname="com.epam.anna_apushkina.test.figure_tests.QuadrateTest"/>
  <testcase name="squareTest" time="0.003" classname="com.epam.anna_apushkina.test.figure_tests.QuadrateTest"/>
</testsuite> <!-- com.epam.anna_apushkina.test.figure_tests.QuadrateTest -->
