<?xml version="1.0" encoding="UTF-8"?>
<!-- Generated by org.testng.reporters.JUnitReportReporter -->
<testsuite hostname="EPRURYAW0064" name="geometricObjects.concreteTests.CircleTest" tests="2" failures="0" timestamp="24 Nov 2015 06:50:29 GMT" time="0.007" errors="0">
  <testcase name="squareTest" time="0.001" classname="geometricObjects.concreteTests.CircleTest"/>
  <testcase name="circumferenceTest" time="0.006" classname="geometricObjects.concreteTests.CircleTest"/>
</testsuite> <!-- geometricObjects.concreteTests.CircleTest -->
