<?xml version="1.0" encoding="UTF-8"?>
<!-- Generated by org.testng.reporters.JUnitReportReporter -->
<testsuite hostname="EPRURYAW0064" name="geometricObjects.exceptionsTests.ExceptionsTest" tests="1" failures="0" timestamp="24 Nov 2015 06:50:29 GMT" time="0.001" errors="0">
  <testcase name="quadrateCreationNegativeSide" time="0.001" classname="geometricObjects.exceptionsTests.ExceptionsTest"/>
</testsuite> <!-- geometricObjects.exceptionsTests.ExceptionsTest -->
