<?xml version="1.0" encoding="UTF-8"?>
<!-- Generated by org.testng.reporters.JUnitReportReporter -->
<testsuite hostname="EPRURYAW0064" name="geometricObjects.RectangleTest" tests="3" failures="0" timestamp="23 Nov 2015 12:21:33 GMT" time="0.007" errors="0">
  <testcase name="isQuadrateTest" time="0.006" classname="geometricObjects.RectangleTest"/>
  <testcase name="squareTest" time="0.001" classname="geometricObjects.RectangleTest"/>
  <testcase name="perimeterTest" time="0.000" classname="geometricObjects.RectangleTest"/>
</testsuite> <!-- geometricObjects.RectangleTest -->
