<?xml version="1.0" encoding="UTF-8"?>
<!-- Generated by org.testng.reporters.JUnitReportReporter -->
<testsuite hostname="EPRURYAW0064" name="com.epam.anna_apushkina.test.figure_tests.CircleTest" tests="2" failures="0" timestamp="23 Nov 2015 11:39:41 GMT" time="0.007" errors="0">
  <testcase name="circumferenceTest" time="0.006" classname="com.epam.anna_apushkina.test.figure_tests.CircleTest"/>
  <testcase name="squareTest" time="0.001" classname="com.epam.anna_apushkina.test.figure_tests.CircleTest"/>
</testsuite> <!-- com.epam.anna_apushkina.test.figure_tests.CircleTest -->
