<?xml version="1.0" encoding="UTF-8"?>
<!-- Generated by org.testng.reporters.JUnitReportReporter -->
<testsuite hostname="EPRURYAW0064" name="geometricObjects.parametersTests.ParametersTest" tests="3" failures="0" timestamp="24 Nov 2015 06:50:29 GMT" time="0.001" errors="0">
  <testcase name="rectanglePerimeterTest" time="0.000" classname="geometricObjects.parametersTests.ParametersTest"/>
  <testcase name="quadratePerimeterTest" time="0.001" classname="geometricObjects.parametersTests.ParametersTest"/>
  <testcase name="circleCircumferenceTest" time="0.000" classname="geometricObjects.parametersTests.ParametersTest"/>
</testsuite> <!-- geometricObjects.parametersTests.ParametersTest -->
